<?xml version="1.0" encoding="UTF-8"?>
<!-- Generated by org.testng.reporters.JUnitXMLReporter -->
<testsuite ignored="0" hostname="DESKTOP-RP7ECBF" failures="0" tests="3" name="Default test" time="6.238" errors="0" timestamp="2023-12-23T12:36:34 IST">
  <testcase classname="com.medicare.Tests.HomePageTest" name="test_getTitle_page" time="0.018"/>
  <testcase classname="com.medicare.Tests.HomePageTest" name="Test_Validate_Text_On_Page" time="0.042"/>
  <testcase classname="com.medicare.Tests.HomePageTest" name="test_click_register_link" time="1.72"/>
</testsuite> <!-- Default test -->
